[01:05:57] [ServerMain/INFO]: [bootstrap] Running Java 25 (OpenJDK 64-Bit Server VM 25.0.1+8-LTS; Microsoft Microsoft-12574222) on Linux 6.8.0-1030-azure (amd64)
[01:05:57] [ServerMain/INFO]: [bootstrap] Loading Paper 1.21.8-60-main@29c8822 (2025-09-06T21:49:13Z) for Minecraft 1.21.8
[01:05:57] [ServerMain/INFO]: [PluginInitializerManager] Initializing plugins...
[01:05:59] [ServerMain/INFO]: [PluginInitializerManager] Initialized 23 plugins
[01:05:59] [ServerMain/INFO]: [PluginInitializerManager] Paper plugins (1):
 - Veinminer (2.5.3)
[01:05:59] [ServerMain/INFO]: [PluginInitializerManager] Bukkit plugins (22):
 - AutoTreeChop (1.7.1), ClearLag (1.0.1), Essentials (2.21.2), GreatImpostor (1.2.0), InventoryRollbackPlus (1.7.9), LoginSecurity (3.3.1), LuckPerms (5.5.22), Multiverse-Core (5.4.0), Multiverse-Inventories (5.3.1), NBTAPI (2.15.5), PlaceholderAPI (2.11.7), ProtocolLib (5.4.0), Skript (2.13.2), TAB (5.4.0), TuffX (1.2.0), Vault (1.7.3-b131), ViaBackwards (5.6.0), ViaRewind (4.0.12), ViaVersion (5.6.0), WorldEdit (7.3.18+7298-4383852), WorldGuard (7.0.14+2339-43997ec), mcMMO (2.2.048)
[01:06:04] [ServerMain/INFO]: Environment: Environment[sessionHost=https://sessionserver.mojang.com, servicesHost=https://api.minecraftservices.com, name=PROD]
[01:06:06] [ServerMain/INFO]: Loaded 1407 recipes
[01:06:06] [ServerMain/INFO]: Loaded 1520 advancements
[01:06:06] [ServerMain/INFO]: [ca.spottedleaf.dataconverter.minecraft.datatypes.MCTypeRegistry] Initialising converters for DataConverter...
[01:06:07] [ServerMain/INFO]: [ca.spottedleaf.dataconverter.minecraft.datatypes.MCTypeRegistry] Finished initialising converters for DataConverter in 430.3ms
[01:06:07] [Server thread/INFO]: Starting minecraft server version 1.21.8
[01:06:07] [Server thread/WARN]: ****************************
[01:06:07] [Server thread/WARN]: YOU ARE RUNNING THIS SERVER AS AN ADMINISTRATIVE OR ROOT USER. THIS IS NOT ADVISED.
[01:06:07] [Server thread/WARN]: YOU ARE OPENING YOURSELF UP TO POTENTIAL RISKS WHEN DOING THIS.
[01:06:07] [Server thread/WARN]: FOR MORE INFORMATION, SEE https://madelinemiller.dev/blog/root-minecraft-server/
[01:06:07] [Server thread/WARN]: ****************************
[01:06:07] [Server thread/INFO]: Loading properties
[01:06:07] [Server thread/INFO]: This server is running Paper version 1.21.8-60-main@29c8822 (2025-09-06T21:49:13Z) (Implementing API version 1.21.8-R0.1-SNAPSHOT)
[01:06:07] [Server thread/INFO]: [spark] This server bundles the spark profiler. For more information please visit https://docs.papermc.io/paper/profiling
[01:06:07] [Server thread/INFO]: Server Ping Player Sample Count: 12
[01:06:07] [Server thread/INFO]: Using 4 threads for Netty based IO
[01:06:08] [Server thread/INFO]: [MoonriseCommon] Paper is using 1 worker threads, 1 I/O threads
[01:06:08] [Server thread/INFO]: [ChunkTaskScheduler] Chunk system is using population gen parallelism: true
[01:06:08] [Server thread/INFO]: Default game type: SURVIVAL
[01:06:08] [Server thread/INFO]: Generating keypair
[01:06:08] [Server thread/INFO]: Starting Minecraft server on *:25565
[01:06:08] [Server thread/INFO]: Using epoll channel type
[01:06:08] [Server thread/INFO]: Paper: Using libdeflate (Linux x86_64) compression from Velocity.
[01:06:08] [Server thread/INFO]: Paper: Using OpenSSL 3.x.x (Linux x86_64) cipher from Velocity.
[01:06:09] [Server thread/INFO]: [ViaVersion] Loading server plugin ViaVersion v5.6.0
[01:06:09] [Server thread/INFO]: [ViaVersion] ViaVersion 5.6.0 is now loaded. Registering protocol transformers and injecting...
[01:06:10] [Via-Mappingloader-1/INFO]: [ViaVersion] Loading block connection mappings ...
[01:06:10] [Via-Mappingloader-1/INFO]: [ViaVersion] Using FastUtil Long2ObjectOpenHashMap for block connections
[01:06:11] [Server thread/INFO]: [ViaBackwards] Loading translations...
[01:06:11] [Server thread/INFO]: [ViaBackwards] Registering protocols...
[01:06:12] [Server thread/INFO]: [ViaRewind] Registering protocols...
[01:06:12] [Server thread/INFO]: [LuckPerms] Loading server plugin LuckPerms v5.5.22
[01:06:12] [Server thread/INFO]: [LuckPerms] Loading configuration...
[01:06:12] [Server thread/INFO]: [Vault] Loading server plugin Vault v1.7.3-b131
[01:06:12] [Server thread/INFO]: [PlaceholderAPI] Loading server plugin PlaceholderAPI v2.11.7
[01:06:12] [Server thread/INFO]: [WorldEdit] Loading server plugin WorldEdit v7.3.18+7298-4383852
[01:06:13] [Server thread/INFO]: Got request to register class com.sk89q.worldedit.bukkit.BukkitServerInterface with WorldEdit [com.sk89q.worldedit.extension.platform.PlatformManager@740689aa]
[01:06:13] [Server thread/INFO]: [ViaBackwards] Loading server plugin ViaBackwards v5.6.0
[01:06:13] [Server thread/INFO]: [ProtocolLib] Loading server plugin ProtocolLib v5.4.0
[01:06:13] [Server thread/INFO]: [CoreLogging] Loading server plugin Multiverse-Core v5.4.0
[01:06:13] [Server thread/INFO]: [WorldGuard] Loading server plugin WorldGuard v7.0.14+2339-43997ec
[01:06:13] [Server thread/INFO]: [ViaRewind] Loading server plugin ViaRewind v4.0.12
[01:06:13] [Server thread/INFO]: [NBTAPI] Loading server plugin NBTAPI v2.15.5
[01:06:13] [Server thread/INFO]: [NBTAPI] [NBTAPI] Found Minecraft: 1.21.8! Trying to find NMS support
[01:06:13] [Server thread/INFO]: [NBTAPI] [NBTAPI] NMS support 'MC1_21_R5' loaded!
[01:06:13] [Server thread/INFO]: [NBTAPI] [NBTAPI] Using the plugin 'NBTAPI' to create a bStats instance!
[01:06:13] [Server thread/INFO]: [LoginSecurity] Loading server plugin LoginSecurity v3.3.1
[01:06:13] [Server thread/INFO]: [Veinminer] Loading server plugin Veinminer v2.5.3
[01:06:13] [Server thread/INFO]: [Veinminer] Detected platform: Paper
[01:06:13] [Thread-6/INFO]: [NBTAPI] [NBTAPI] The NBT-API seems to be up-to-date!
[01:06:14] [Server thread/INFO]: [InvLogging] Loading server plugin Multiverse-Inventories v5.3.1
[01:06:14] [Server thread/INFO]: [Skript] Loading server plugin Skript v2.13.2
[01:06:14] [Server thread/INFO]: [TuffX] Loading server plugin TuffX v1.2.0
[01:06:14] [Server thread/INFO]: [AutoTreeChop] Loading server plugin AutoTreeChop v1.7.1
[01:06:14] [Server thread/INFO]: [InventoryRollbackPlus] Loading server plugin InventoryRollbackPlus v1.7.9
[01:06:14] [Server thread/INFO]: [GreatImpostor] Loading server plugin GreatImpostor v1.2.0
[01:06:14] [Server thread/INFO]: [ClearLag] Loading server plugin ClearLag v1.0.1
[01:06:14] [Server thread/INFO]: [Essentials] Loading server plugin Essentials v2.21.2
[01:06:14] [Server thread/INFO]: [TAB] Loading server plugin TAB v5.4.0
[01:06:14] [Server thread/INFO]: [mcMMO] Loading server plugin mcMMO v2.2.048
[01:06:14] [Server thread/INFO]: [mcMMO] [D] Registered WG flags successfully!
[01:06:14] [Server thread/INFO]: Server permissions file permissions.yml is empty, ignoring it
[01:06:14] [Server thread/INFO]: [LuckPerms] Enabling LuckPerms v5.5.22
[01:06:15] [Server thread/INFO]:         __    
[01:06:15] [Server thread/INFO]:   |    |__)   LuckPerms v5.5.22
[01:06:15] [Server thread/INFO]:   |___ |      Running on Bukkit - Paper
[01:06:15] [Server thread/INFO]: 
[01:06:15] [Server thread/INFO]: [LuckPerms] Loading storage provider... [H2]
[01:06:16] [Server thread/INFO]: [LuckPerms] Loading internal permission managers...
[01:06:16] [Server thread/INFO]: [LuckPerms] Performing initial data load...
[01:06:16] [Server thread/INFO]: [LuckPerms] Successfully enabled. (took 1448ms)
[01:06:16] [Server thread/INFO]: [Vault] Enabling Vault v1.7.3-b131
[01:06:16] [Server thread/INFO]: [Vault] [Economy] Essentials Economy found: Waiting
[01:06:16] [Server thread/INFO]: [Vault] [Permission] SuperPermissions loaded as backup permission system.
[01:06:16] [Server thread/INFO]: [Vault] Enabled Version 1.7.3-b131
[01:06:16] [Server thread/INFO]: [LuckPerms] Registered Vault permission & chat hook.
[01:06:16] [Server thread/INFO]: [WorldEdit] Enabling WorldEdit v7.3.18+7298-4383852
[01:06:16] [Server thread/INFO]: Registering commands with com.sk89q.worldedit.bukkit.BukkitServerInterface
[01:06:16] [Server thread/INFO]: WEPIF: Vault detected! Using Vault for permissions
[01:06:17] [Server thread/INFO]: Using com.sk89q.worldedit.bukkit.adapter.impl.v1_21_6.PaperweightAdapter as the Bukkit adapter
[01:06:19] [Server thread/INFO]: [ProtocolLib] Enabling ProtocolLib v5.4.0
[01:06:19] [Server thread/INFO]: [ViaRewind] Enabling ViaRewind v4.0.12
[01:06:19] [Server thread/INFO]: [Veinminer] Enabling Veinminer v2.5.3
[01:06:19] [Server thread/WARN]: **** SERVER IS RUNNING IN OFFLINE/INSECURE MODE!
[01:06:19] [Server thread/WARN]: The server will make no attempt to authenticate usernames. Beware.
[01:06:19] [Server thread/WARN]: While this makes the game possible to play without internet access, it also opens up the ability for hackers to connect with any username they choose.
[01:06:19] [Server thread/WARN]: To change this, set "online-mode" to "true" in the server.properties file.
[01:06:19] [Server thread/INFO]: Preparing level "world"
[01:06:20] [DefaultDispatcher-worker-1/INFO]: [VeinminerUpdater] veinminer is up to date
[01:06:21] [Server thread/INFO]: Preparing start region for dimension minecraft:overworld
[01:06:21] [Server thread/INFO]: Preparing spawn area: 0%
[01:06:22] [Server thread/INFO]: Preparing spawn area: 8%
[01:06:22] [Server thread/INFO]: Preparing spawn area: 36%
[01:06:22] [Server thread/INFO]: Time elapsed: 1078 ms
[01:06:22] [Server thread/INFO]: Preparing start region for dimension minecraft:the_nether
[01:06:22] [Server thread/INFO]: Preparing spawn area: 0%
[01:06:22] [Server thread/INFO]: Preparing spawn area: 77%
[01:06:22] [Server thread/INFO]: Time elapsed: 553 ms
[01:06:22] [Server thread/INFO]: Preparing start region for dimension minecraft:the_end
[01:06:22] [Server thread/INFO]: Preparing spawn area: 0%
[01:06:23] [Server thread/INFO]: Time elapsed: 155 ms
[01:06:23] [Server thread/INFO]: [ViaVersion] Enabling ViaVersion v5.6.0
[01:06:23] [Server thread/INFO]: [ViaVersion] ViaVersion detected server version: 1.21.7-1.21.8 (772)
[01:06:23] [Server thread/INFO]: [PlaceholderAPI] Enabling PlaceholderAPI v2.11.7
[01:06:23] [Server thread/INFO]: [PlaceholderAPI] Fetching available expansion information...
[01:06:23] [Server thread/INFO]: [ViaBackwards] Enabling ViaBackwards v5.6.0
[01:06:23] [Server thread/INFO]: [Multiverse-Core] Enabling Multiverse-Core v5.4.0
[01:06:24] [Server thread/INFO]: Preparing start region for dimension minecraft:unstable
[01:06:24] [Server thread/INFO]: Preparing spawn area: 0%
[01:06:24] [Server thread/INFO]: Time elapsed: 364 ms
[01:06:24] [Server thread/ERROR]: [MapSerializer] Could not deserialize key minecraft:fancy_oak_bees_0002 into net.minecraft.core.Holder<net.minecraft.world.level.levelgen.feature.ConfiguredFeature<?, ?>> at [feature-seeds, features]: Missing holder in ResourceKey[minecraft:root / minecraft:worldgen/configured_feature] with key ResourceKey[minecraft:worldgen/configured_feature / minecraft:fancy_oak_bees_0002]
[01:06:24] [Server thread/ERROR]: [MapSerializer] Could not deserialize key minecraft:oak_bees_0002 into net.minecraft.core.Holder<net.minecraft.world.level.levelgen.feature.ConfiguredFeature<?, ?>> at [feature-seeds, features]: Missing holder in ResourceKey[minecraft:root / minecraft:worldgen/configured_feature] with key ResourceKey[minecraft:worldgen/configured_feature / minecraft:oak_bees_0002]
[01:06:24] [Server thread/ERROR]: [MapSerializer] Could not deserialize key minecraft:trees_birch_and_oak into net.minecraft.core.Holder<net.minecraft.world.level.levelgen.feature.ConfiguredFeature<?, ?>> at [feature-seeds, features]: Missing holder in ResourceKey[minecraft:root / minecraft:worldgen/configured_feature] with key ResourceKey[minecraft:worldgen/configured_feature / minecraft:trees_birch_and_oak]
[01:06:24] [Server thread/INFO]: Preparing start region for dimension minecraft:among
[01:06:24] [Server thread/INFO]: Preparing spawn area: 0%
[01:06:24] [Server thread/INFO]: Time elapsed: 157 ms
[01:06:24] [Server thread/INFO]: Preparing start region for dimension minecraft:flat
[01:06:24] [Server thread/INFO]: Preparing spawn area: 0%
[01:06:24] [Server thread/INFO]: Time elapsed: 164 ms
[01:06:25] [Server thread/INFO]: [PlaceholderAPI] Successfully registered internal expansion: multiverse-core [5.4.0]
[01:06:25] [Server thread/INFO]: [Multiverse-Core] API service loaded!
[01:06:25] [Server thread/INFO]: [Multiverse-Core] Version 5.4.0 (API v5.4) Enabled - By dumptruckman, Rigby, fernferret, lithium3141, main--, benwoo1110 and Zax71
[01:06:25] [Server thread/INFO]: [Multiverse-Core] Loving Multiverse-Core? Please consider supporting the project with a small donation: https://github.com/sponsors/Multiverse
[01:06:25] [Server thread/INFO]: [WorldGuard] Enabling WorldGuard v7.0.14+2339-43997ec
[01:06:25] [Server thread/INFO]: [WorldGuard] (world) TNT ignition is PERMITTED.
[01:06:25] [Server thread/INFO]: [WorldGuard] (world) Lighters are PERMITTED.
[01:06:25] [Server thread/INFO]: [WorldGuard] (world) Lava fire is PERMITTED.
[01:06:25] [Server thread/INFO]: [WorldGuard] (world) Fire spread is UNRESTRICTED.
[01:06:25] [Server thread/INFO]: [WorldGuard] Loaded configuration for world 'world'
[01:06:25] [Server thread/INFO]: [WorldGuard] (world_nether) TNT ignition is PERMITTED.
[01:06:25] [Server thread/INFO]: [WorldGuard] (world_nether) Lighters are PERMITTED.
[01:06:25] [Server thread/INFO]: [WorldGuard] (world_nether) Lava fire is PERMITTED.
[01:06:25] [Server thread/INFO]: [WorldGuard] (world_nether) Fire spread is UNRESTRICTED.
[01:06:25] [Server thread/INFO]: [WorldGuard] Loaded configuration for world 'world_nether'
[01:06:25] [Server thread/INFO]: [WorldGuard] (world_the_end) TNT ignition is PERMITTED.
[01:06:25] [Server thread/INFO]: [WorldGuard] (world_the_end) Lighters are PERMITTED.
[01:06:25] [Server thread/INFO]: [WorldGuard] (world_the_end) Lava fire is PERMITTED.
[01:06:25] [Server thread/INFO]: [WorldGuard] (world_the_end) Fire spread is UNRESTRICTED.
[01:06:25] [Server thread/INFO]: [WorldGuard] Loaded configuration for world 'world_the_end'
[01:06:25] [Server thread/INFO]: [WorldGuard] (unstable) TNT ignition is PERMITTED.
[01:06:25] [Server thread/INFO]: [WorldGuard] (unstable) Lighters are PERMITTED.
[01:06:25] [Server thread/INFO]: [WorldGuard] (unstable) Lava fire is PERMITTED.
[01:06:25] [Server thread/INFO]: [WorldGuard] (unstable) Fire spread is UNRESTRICTED.
[01:06:25] [Server thread/INFO]: [WorldGuard] Loaded configuration for world 'unstable'
[01:06:25] [Server thread/INFO]: [WorldGuard] (among) TNT ignition is PERMITTED.
[01:06:25] [Server thread/INFO]: [WorldGuard] (among) Lighters are PERMITTED.
[01:06:25] [Server thread/INFO]: [WorldGuard] (among) Lava fire is PERMITTED.
[01:06:25] [Server thread/INFO]: [WorldGuard] (among) Fire spread is UNRESTRICTED.
[01:06:25] [Server thread/INFO]: [WorldGuard] Loaded configuration for world 'among'
[01:06:25] [Server thread/INFO]: [WorldGuard] (flat) TNT ignition is PERMITTED.
[01:06:25] [Server thread/INFO]: [WorldGuard] (flat) Lighters are PERMITTED.
[01:06:25] [Server thread/INFO]: [WorldGuard] (flat) Lava fire is PERMITTED.
[01:06:25] [Server thread/INFO]: [WorldGuard] (flat) Fire spread is UNRESTRICTED.
[01:06:25] [Server thread/INFO]: [WorldGuard] Loaded configuration for world 'flat'
[01:06:25] [Server thread/INFO]: [WorldGuard] Loading region data...
[01:06:25] [Server thread/INFO]: [NBTAPI] Enabling NBTAPI v2.15.5
[01:06:25] [Server thread/INFO]: [NBTAPI] Checking bindings...
[01:06:25] [Server thread/INFO]: [NBTAPI] All Classes were able to link!
[01:06:25] [Server thread/INFO]: [NBTAPI] All Methods were able to link!
[01:06:25] [Server thread/INFO]: [NBTAPI] Running NBT reflection test...
[01:06:28] [Server thread/INFO]: [NBTAPI] Success! This version of NBT-API is compatible with your server.
[01:06:28] [Server thread/INFO]: [LoginSecurity] Enabling LoginSecurity v3.3.1
[01:06:28] [Server thread/INFO]: [LoginSecurity] Loading base translations from "en_us"
[01:06:28] [Server thread/INFO]: [LoginSecurity] Loading specified translations from "en_us"
[01:06:28] [Server thread/INFO]: [LoginSecurity] Registering commands...
[01:06:28] [Server thread/INFO]: [LoginSecurity] Registering listeners...
[01:06:28] [Server thread/INFO]: [LoginSecurity] Using 1.13+ map captcha renderer
[01:06:28] [Server thread/INFO]: [Multiverse-Inventories] Enabling Multiverse-Inventories v5.3.1
[01:06:29] [Server thread/INFO]: [PlaceholderAPI] Successfully registered internal expansion: multiverse-inventories [5.3.1]
[01:06:29] [Server thread/INFO]: [Multiverse-Inventories] Loading player names map...
[01:06:29] [Server thread/INFO]: [Multiverse-Inventories] Version 5.3.1 (API v5.3) Enabled - By dumptruckman and benwoo1110
[01:06:29] [Server thread/INFO]: [Skript] Enabling Skript v2.13.2
[01:06:30] [ForkJoinPool.commonPool-worker-1/INFO]: [Skript] You're currently running the latest stable version of Skript.
[01:06:32] [Server thread/INFO]: [Skript]  ~ created by & © Peter Güttinger aka Njol ~
[01:06:32] [Server thread/INFO]: [TuffX] Enabling TuffX v1.2.0
[01:06:32] [Server thread/INFO]: [TuffX] Server Minecraft Version: 1.21.8
[01:06:32] [Server thread/INFO]: [TuffX] 
[01:06:32] [Server thread/INFO]: [TuffX] ████████╗██╗   ██╗███████╗ ███████╗ ██╗  ██╗
[01:06:32] [Server thread/INFO]: [TuffX] ╚══██╔══╝██║   ██║██╔════╝ ██╔════╝ ╚██╗██╔╝
[01:06:32] [Server thread/INFO]: [TuffX]    ██║   ██║   ██║██████╗  ██████╗   ╚███╔╝ 
[01:06:32] [Server thread/INFO]: [TuffX]    ██║   ██║   ██║██╔═══╝  ██╔═══╝   ██╔██╗ 
[01:06:32] [Server thread/INFO]: [TuffX]    ██║   ╚██████╔╝██║      ██║      ██╔╝╚██╗
[01:06:32] [Server thread/INFO]: [TuffX]    ╚═╝    ╚═════╝ ╚═╝      ╚═╝      ╚═╝  ╚═╝
[01:06:32] [Server thread/INFO]: [TuffX] 
[01:06:32] [Server thread/INFO]: [TuffX] Below y0 and TuffX programmed by Potato
[01:06:32] [Server thread/INFO]: [AutoTreeChop] Enabling AutoTreeChop v1.7.1
[01:06:33] [Server thread/INFO]: [PlaceholderAPI] Successfully registered internal expansion: autotreechop [1.7.1]
[01:06:33] [Server thread/INFO]: [AutoTreeChop] PlaceholderAPI expansion for AutoTreeChop has been registered.
[01:06:33] [Server thread/INFO]: [org.milkteamc.autotreechop.libs.hikari.HikariDataSource] HikariPool-1 - Starting...
[01:06:33] [Server thread/INFO]: [org.milkteamc.autotreechop.libs.hikari.pool.HikariPool] HikariPool-1 - Added connection org.sqlite.jdbc4.JDBC4Connection@3636edb8
[01:06:33] [Server thread/INFO]: [org.milkteamc.autotreechop.libs.hikari.HikariDataSource] HikariPool-1 - Start completed.
[01:06:33] [Server thread/INFO]: [AutoTreeChop] WorldGuard support enabled
[01:06:33] [Server thread/INFO]: [AutoTreeChop] AutoTreeChop enabled!
[01:06:33] [Server thread/INFO]: [InventoryRollbackPlus] Enabling InventoryRollbackPlus v1.7.9
[01:06:33] [Server thread/INFO]: [InventoryRollbackPlus] Attempting support for version: 1.21.8-60-29c8822 (MC: 1.21.8)
[01:06:33] [Server thread/INFO]: [InventoryRollbackPlus] Using CraftBukkit version: v1_21_R5
[01:06:33] [Server thread/INFO]: [InventoryRollbackPlus] Inventory backup data is set to save to: YAML
[01:06:33] [Server thread/INFO]: [InventoryRollbackPlus] bStats are enabled
[01:06:33] [Server thread/INFO]: [InventoryRollbackPlus] Tests completed: 5, Skipped: 0, Failed: 0
[01:06:33] [Server thread/INFO]: [InventoryRollbackPlus] All tests passed successfully.
[01:06:33] [Server thread/INFO]: [GreatImpostor] Enabling GreatImpostor v1.2.0
[01:06:33] [Server thread/INFO]: [PlaceholderAPI] Successfully registered internal expansion: GreatImpostor [1.2.0]
[01:06:33] [Server thread/INFO]: [GreatImpostor] GreatImpostor finished setting up!
[01:06:34] [Server thread/INFO]: [ClearLag] Enabling ClearLag v1.0.1
[01:06:34] [Server thread/WARN]: [ClearLag] Could not save config.yml to plugins/ClearLag/config.yml because config.yml already exists.
[01:06:34] [Server thread/WARN]: [ClearLag] Could not save messages.yml to plugins/ClearLag/messages.yml because messages.yml already exists.
[01:06:34] [Server thread/INFO]: [ClearLag] PlaceholderAPI enabled
[01:06:34] [Server thread/INFO]: [PlaceholderAPI] Successfully registered internal expansion: clearlag [1.0.1]
[01:06:34] [Server thread/INFO]: [ClearLag] ClearLag setup complete! Next clear is in 600 seconds.
[01:06:34] [Server thread/INFO]: [Essentials] Enabling Essentials v2.21.2
[01:06:34] [Server thread/INFO]: [Essentials] Attempting to convert old kits in config.yml to new kits.yml
[01:06:34] [Server thread/INFO]: [Essentials] No kits found to migrate.
[01:06:34] [Server thread/INFO]: [Essentials] Selected 1.12.2+ Player Locale Provider as the provider for PlayerLocaleProvider
[01:06:34] [Server thread/INFO]: [Essentials] Selected 1.17.1+ World Info Provider as the provider for WorldInfoProvider
[01:06:34] [Server thread/INFO]: [Essentials] Selected 1.21.4+ Sync Commands Provider as the provider for SyncCommandsProvider
[01:06:34] [Server thread/INFO]: [Essentials] Selected Paper Server State Provider as the provider for ServerStateProvider
[01:06:34] [Server thread/INFO]: [Essentials] Selected 1.20.6+ Potion Meta Provider as the provider for PotionMetaProvider
[01:06:34] [Server thread/INFO]: [Essentials] Selected Legacy Biome Name Provider as the provider for BiomeNameProvider
[01:06:34] [Server thread/INFO]: [Essentials] Selected Paper Serialization Provider as the provider for SerializationProvider
[01:06:34] [Server thread/INFO]: [Essentials] Selected Reflection Formatted Command Alias Provider as the provider for FormattedCommandAliasProvider
[01:06:34] [Server thread/INFO]: [Essentials] Selected 1.20.5+ Banner Data Provider as the provider for BannerDataProvider
[01:06:34] [Server thread/INFO]: [Essentials] Selected 1.11+ Item Unbreakable Provider as the provider for ItemUnbreakableProvider
[01:06:34] [Server thread/INFO]: [Essentials] Selected Reflection Online Mode Provider as the provider for OnlineModeProvider
[01:06:34] [Server thread/INFO]: [Essentials] Selected Paper Material Tag Provider as the provider for MaterialTagProvider
[01:06:34] [Server thread/INFO]: [Essentials] Selected 1.8.3+ Spawner Item Provider as the provider for SpawnerItemProvider
[01:06:34] [Server thread/INFO]: [Essentials] Selected 1.13+ Spawn Egg Provider as the provider for SpawnEggProvider
[01:06:34] [Server thread/INFO]: [Essentials] Selected 1.21+ InventoryView Interface ABI Provider as the provider for InventoryViewProvider
[01:06:34] [Server thread/INFO]: [Essentials] Selected Paper Biome Key Provider as the provider for BiomeKeyProvider
[01:06:34] [Server thread/INFO]: [Essentials] Selected Paper Tick Count Provider as the provider for TickCountProvider
[01:06:34] [Server thread/INFO]: [Essentials] Selected 1.14.4+ Persistent Data Container Provider as the provider for PersistentDataProvider
[01:06:34] [Server thread/INFO]: [Essentials] Selected 1.12+ Spawner Block Provider as the provider for SpawnerBlockProvider
[01:06:34] [Server thread/INFO]: [Essentials] Selected Paper Container Provider as the provider for ContainerProvider
[01:06:34] [Server thread/INFO]: [Essentials] Selected 1.20.4+ Damage Event Provider as the provider for DamageEventProvider
[01:06:34] [Server thread/INFO]: [Essentials] Selected Paper Known Commands Provider as the provider for KnownCommandsProvider
[01:06:34] [Server thread/INFO]: [Essentials] Selected 1.14+ Sign Data Provider as the provider for SignDataProvider
[01:06:34] [Server thread/INFO]: [Essentials] Loaded 43880 items from items.json.
[01:06:34] [Server thread/INFO]: [Essentials] Using locale en
[01:06:34] [ForkJoinPool.commonPool-worker-1/INFO]: [Skript] Loaded 5504 aliases in 2110ms
[01:06:35] [Server thread/INFO]: [Essentials] ServerListPingEvent: Spigot iterator API
[01:06:35] [Server thread/INFO]: [Essentials] Starting Metrics. Opt-out using the global bStats config.
[01:06:35] [Server thread/INFO]: [Vault] [Economy] Essentials Economy hooked.
[01:06:35] [Server thread/INFO]: [Essentials] Using Vault based permissions (LuckPerms)
[01:06:35] [Server thread/INFO]: [TAB] Enabling TAB v5.4.0
[01:06:35] [Server thread/INFO]: [TAB] Enabled in 210ms
[01:06:35] [Server thread/INFO]: [mcMMO] Enabling mcMMO v2.2.048
[01:06:36] [Server thread/INFO]: [mcMMO] Loaded 232 of 232 Alchemy potions.
[01:06:37] [Server thread/INFO]: [PlaceholderAPI] Successfully registered internal expansion: mcmmo [1.0,0]
[01:06:37] [Server thread/INFO]: [spark] Starting background profiler...
[01:06:38] [Server thread/INFO]: [PlaceholderAPI] Placeholder expansion registration initializing...
[01:06:38] [Server thread/INFO]: 0 placeholder hook(s) registered!
[01:06:38] [Server thread/INFO]: Done preparing level "world" (18.313s)
[01:06:38] [Server thread/INFO]: Running delayed init tasks
[01:06:38] [Craft Scheduler Thread - 6 - InventoryRollbackPlus/INFO]: [InventoryRollbackPlus] Checking for updates...
[01:06:38] [Craft Scheduler Thread - 4 - ViaVersion/INFO]: [ViaVersion] Finished mapping loading, shutting down loader executor.
[01:06:38] [Craft Scheduler Thread - 4 - Essentials/INFO]: [Essentials] Fetching version information...
[01:06:38] [Craft Scheduler Thread - 8 - Vault/INFO]: [Vault] Checking for Updates ... 
[01:06:38] [Craft Scheduler Thread - 6 - InventoryRollbackPlus/INFO]: [InventoryRollbackPlus] You are running the latest version.
[01:06:38] [Server thread/INFO]: [Skript] Loading variables...
[01:06:38] [Server thread/INFO]: [Skript] Loaded 2 variables in 0.0 seconds
[01:06:38] [Craft Scheduler Thread - 8 - Vault/INFO]: [Vault] No new version available
[01:06:38] [Server thread/INFO]: [Skript] All scripts loaded without errors.
[01:06:38] [Server thread/INFO]: [Skript]     No scripts were found, maybe you should write some ;)
[01:06:38] [Server thread/INFO]: [Skript] Finished loading.
[01:06:38] [Server thread/INFO]: [AutoTreeChop] You are using the latest version of AutoTreeChop.
[01:06:38] [Server thread/INFO]: [Essentials] Essentials found a compatible payment resolution method: Vault Compatibility Layer (v1.7.3-b131)!
[01:06:38] [Server thread/INFO]: [TuffX] Loading mappings from 1.21.8-mappings.json
[01:06:39] [Server thread/INFO]: [TuffX] Loaded 27946 legacy mappings.
[01:06:39] [Server thread/INFO]: Done (42.601s)! For help, type "help"
[01:11:30] [User Authenticator #0/INFO]: UUID of player Wemmbu is b8e46504-274d-3847-ac77-ed94dbe8064b
[01:11:30] [Server thread/INFO]: [HorriblePlayerLoginEventHack] You have plugins listening to the PlayerLoginEvent, this will cause re-configuration APIs to be unavailable: [LuckPerms, Essentials, LoginSecurity, ProtocolLib, WorldGuard]
[01:11:31] [Netty Epoll Server IO #1/WARN]: [ViaBackwards] (1.17->1.16.4) Increased world height is NOT SUPPORTED for 1.16 players and below. They will see a void below y 0 and above 256. You can enable the `bedrock-at-y-0` config option to replace the air with a bedrock layer.
[01:11:31] [Server thread/INFO]: Wemmbu joined the game
[01:11:31] [Server thread/INFO]: Wemmbu[/127.0.0.1:56216] logged in with entity id 24 at ([unstable]10.929615512603405, -40.708774907638464, -118.6363945066228)
[01:11:31] [Netty Epoll Server IO #1/WARN]: [ViaBackwards] (1.13->1.12.2) Ignoring plugin channel in serverbound REGISTER: EAG|GetDomain
[01:11:31] [Netty Epoll Server IO #1/WARN]: [ViaBackwards] (1.13->1.12.2) Ignoring plugin channel in serverbound REGISTER: EAG|1.8
[01:11:31] [Netty Epoll Server IO #1/WARN]: [ViaBackwards] (1.13->1.12.2) Ignoring plugin channel in serverbound REGISTER: EAG|Voice-1.8
[01:11:31] [Netty Epoll Server IO #1/WARN]: [ViaBackwards] (1.13->1.12.2) Ignoring plugin channel in serverbound REGISTER: EAG|UpdateCert-1.8
[01:11:31] [Netty Epoll Server IO #1/WARN]: [ViaBackwards] (1.13->1.12.2) Ignoring plugin channel in serverbound REGISTER: EAG|1.8-RPC
[01:11:31] [Netty Epoll Server IO #1/WARN]: [ViaBackwards] (1.13->1.12.2) Ignoring plugin channel in serverbound REGISTER: EAG|Skins-1.8
[01:11:31] [Netty Epoll Server IO #1/WARN]: [ViaBackwards] (1.13->1.12.2) Ignoring plugin channel in serverbound REGISTER: EAG|1.8-Ready
[01:11:31] [Netty Epoll Server IO #1/WARN]: [ViaBackwards] (1.13->1.12.2) Ignoring plugin channel in serverbound REGISTER: EAG|FNAWSEn-1.8
[01:11:31] [Netty Epoll Server IO #1/WARN]: [ViaBackwards] (1.13->1.12.2) Ignoring plugin channel in serverbound REGISTER: EAG|Capes-1.8
[01:11:31] [Netty Epoll Server IO #1/WARN]: [ViaBackwards] (1.13->1.12.2) Ignoring serverbound plugin message with channel: EAG|1.8-Ready
[01:11:57] [Server thread/INFO]: Wemmbu issued server command: /ASC
[01:12:01] [Server thread/INFO]: Wemmbu issued server command: /asc
[01:12:17] [Server thread/INFO]: Stopping the server
[01:12:17] [Server thread/INFO]: Stopping server
[01:12:17] [Server thread/INFO]: [mcMMO] Disabling mcMMO v2.2.048
[01:12:17] [Server thread/INFO]: [PlaceholderAPI] Unregistered placeholder expansion mcmmo
[01:12:17] [Server thread/INFO]: [PlaceholderAPI] Reason: required plugin mcMMO was disabled.
[01:12:17] [Server thread/INFO]: [mcMMO] Server shutdown has been executed, saving and cleaning up data...
[01:12:17] [Server thread/INFO]: [mcMMO] Saving mmoPlayers... (1)
[01:12:17] [Server thread/INFO]: [mcMMO] Finished save operation for 1 players!
[01:12:17] [Server thread/INFO]: [TAB] Disabling TAB v5.4.0
[01:12:17] [Server thread/INFO]: [TAB] Disabled in 0ms
[01:12:17] [Server thread/INFO]: [Essentials] Disabling Essentials v2.21.2
[01:12:17] [Server thread/INFO]: [Vault] [Economy] Essentials Economy unhooked.
[01:12:17] [Server thread/INFO]: [ClearLag] Disabling ClearLag v1.0.1
[01:12:17] [Server thread/INFO]: [GreatImpostor] Disabling GreatImpostor v1.2.0
[01:12:17] [Server thread/INFO]: [InventoryRollbackPlus] Disabling InventoryRollbackPlus v1.7.9
[01:12:17] [Server thread/INFO]: [InventoryRollbackPlus] Setting shutdown state
[01:12:17] [Server thread/INFO]: [InventoryRollbackPlus] Saving player inventories...
[01:12:17] [Server thread/INFO]: [InventoryRollbackPlus] Done saving player inventories!
[01:12:17] [Server thread/INFO]: [InventoryRollbackPlus] Plugin is disabled!
[01:12:17] [Server thread/INFO]: [AutoTreeChop] Disabling AutoTreeChop v1.7.1
[01:12:17] [Server thread/INFO]: [AutoTreeChop] Saving all player data before shutdown...
[01:12:17] [Server thread/INFO]: [org.milkteamc.autotreechop.libs.hikari.HikariDataSource] HikariPool-1 - Shutdown initiated...
[01:12:17] [Server thread/INFO]: [org.milkteamc.autotreechop.libs.hikari.HikariDataSource] HikariPool-1 - Shutdown completed.
[01:12:17] [Server thread/INFO]: [AutoTreeChop] AutoTreeChop disabled!
[01:12:17] [Server thread/INFO]: [TuffX] Disabling TuffX v1.2.0
[01:12:17] [Server thread/INFO]: [Skript] Disabling Skript v2.13.2
[01:12:17] [Server thread/INFO]: [Multiverse-Inventories] Disabling Multiverse-Inventories v5.3.1
[01:12:17] [Server thread/INFO]: [Multiverse-Inventories] - Disabled
[01:12:17] [Server thread/INFO]: [Veinminer] Disabling Veinminer v2.5.3
[01:12:17] [Server thread/INFO]: [LoginSecurity] Disabling LoginSecurity v3.3.1
[01:12:17] [Server thread/INFO]: [LoginSecurity] Waiting for queued tasks...
[01:12:17] [Server thread/INFO]: [LoginSecurity] ExecutorService shut down, ready to disable.
[01:12:17] [Server thread/INFO]: [NBTAPI] Disabling NBTAPI v2.15.5
[01:12:17] [Server thread/INFO]: [ViaRewind] Disabling ViaRewind v4.0.12
[01:12:17] [Server thread/INFO]: [WorldGuard] Disabling WorldGuard v7.0.14+2339-43997ec
[01:12:17] [Server thread/INFO]: [WorldGuard] Shutting down executor and cancelling any pending tasks...
[01:12:17] [Server thread/INFO]: [Multiverse-Core] Disabling Multiverse-Core v5.4.0
[01:12:17] [Server thread/INFO]: [ProtocolLib] Disabling ProtocolLib v5.4.0
[01:12:17] [Server thread/INFO]: [ViaBackwards] Disabling ViaBackwards v5.6.0
[01:12:17] [Server thread/INFO]: [WorldEdit] Disabling WorldEdit v7.3.18+7298-4383852
[01:12:17] [Server thread/INFO]: Unregistering com.sk89q.worldedit.bukkit.BukkitServerInterface from WorldEdit
[01:12:17] [Server thread/INFO]: [PlaceholderAPI] Disabling PlaceholderAPI v2.11.7
[01:12:17] [Server thread/INFO]: [Vault] Disabling Vault v1.7.3-b131
[01:12:17] [Server thread/INFO]: [LuckPerms] Disabling LuckPerms v5.5.22
[01:12:17] [Server thread/INFO]: [LuckPerms] Starting shutdown process...
[01:12:17] [Server thread/INFO]: [LuckPerms] Closing storage...
[01:12:17] [Server thread/INFO]: [LuckPerms] Goodbye!
[01:12:17] [Server thread/INFO]: [ViaVersion] Disabling ViaVersion v5.6.0
[01:12:17] [Server thread/INFO]: [ViaVersion] ViaVersion has been disabled; uninjected the platform and shut down the scheduler.
[01:12:17] [Server thread/INFO]: Saving players
[01:12:17] [Server thread/INFO]: Wemmbu lost connection: Server closed
[01:12:17] [Server thread/INFO]: Wemmbu left the game
[01:12:17] [Server thread/INFO]: Saving worlds
[01:12:17] [Server thread/INFO]: Saving chunks for level 'ServerLevel[world]'/minecraft:overworld
[01:12:17] [Server thread/INFO]: [ChunkHolderManager] Waiting 60s for chunk system to halt for world 'world'
[01:12:17] [Server thread/INFO]: [ChunkHolderManager] Halted chunk system for world 'world'
[01:12:17] [Server thread/INFO]: [ChunkHolderManager] Saving all chunkholders for world 'world'
[01:12:17] [Server thread/INFO]: [ChunkHolderManager] Saved 8 block chunks, 0 entity chunks, 0 poi chunks in world 'world' in 0.04s
[01:12:17] [Server thread/INFO]: [ChunkHolderManager] Waiting 60s for chunk I/O to halt for world 'world'
[01:12:17] [Server thread/INFO]: [ChunkHolderManager] Halted I/O scheduler for world 'world'
[01:12:17] [Server thread/INFO]: Saving chunks for level 'ServerLevel[world_nether]'/minecraft:the_nether
[01:12:17] [Server thread/INFO]: [ChunkHolderManager] Waiting 60s for chunk system to halt for world 'world_nether'
[01:12:17] [Server thread/INFO]: [ChunkHolderManager] Halted chunk system for world 'world_nether'
[01:12:17] [Server thread/INFO]: [ChunkHolderManager] Saving all chunkholders for world 'world_nether'
[01:12:17] [Server thread/INFO]: [ChunkHolderManager] Saved 3 block chunks, 1 entity chunks, 0 poi chunks in world 'world_nether' in 0.01s
[01:12:17] [Server thread/INFO]: [ChunkHolderManager] Waiting 60s for chunk I/O to halt for world 'world_nether'
[01:12:17] [Server thread/INFO]: [ChunkHolderManager] Halted I/O scheduler for world 'world_nether'
[01:12:17] [Server thread/INFO]: Saving chunks for level 'ServerLevel[world_the_end]'/minecraft:the_end
[01:12:17] [Server thread/INFO]: [ChunkHolderManager] Waiting 60s for chunk system to halt for world 'world_the_end'
[01:12:17] [Server thread/INFO]: [ChunkHolderManager] Halted chunk system for world 'world_the_end'
[01:12:17] [Server thread/INFO]: [ChunkHolderManager] Saving all chunkholders for world 'world_the_end'
[01:12:17] [Server thread/INFO]: [ChunkHolderManager] Saved 0 block chunks, 0 entity chunks, 0 poi chunks in world 'world_the_end' in 0.00s
[01:12:17] [Server thread/INFO]: [ChunkHolderManager] Waiting 60s for chunk I/O to halt for world 'world_the_end'
[01:12:17] [Server thread/INFO]: [ChunkHolderManager] Halted I/O scheduler for world 'world_the_end'
[01:12:17] [Server thread/INFO]: Saving chunks for level 'ServerLevel[unstable]'/minecraft:unstable
[01:12:17] [Server thread/INFO]: [ChunkHolderManager] Waiting 60s for chunk system to halt for world 'unstable'
[01:12:17] [Server thread/INFO]: [ChunkHolderManager] Halted chunk system for world 'unstable'
[01:12:17] [Server thread/INFO]: [ChunkHolderManager] Saving all chunkholders for world 'unstable'
[01:12:18] [Server thread/INFO]: [ChunkHolderManager] Saved 137 block chunks, 140 entity chunks, 0 poi chunks in world 'unstable' in 0.34s
[01:12:18] [Server thread/INFO]: [ChunkHolderManager] Waiting 60s for chunk I/O to halt for world 'unstable'
[01:12:18] [Server thread/INFO]: [ChunkHolderManager] Halted I/O scheduler for world 'unstable'
[01:12:18] [Server thread/INFO]: Saving chunks for level 'ServerLevel[among]'/minecraft:among
[01:12:18] [Server thread/INFO]: [ChunkHolderManager] Waiting 60s for chunk system to halt for world 'among'
[01:12:18] [Server thread/INFO]: [ChunkHolderManager] Halted chunk system for world 'among'
[01:12:18] [Server thread/INFO]: [ChunkHolderManager] Saving all chunkholders for world 'among'
[01:12:18] [Server thread/INFO]: [ChunkHolderManager] Saved 0 block chunks, 0 entity chunks, 0 poi chunks in world 'among' in 0.00s
[01:12:18] [Server thread/INFO]: [ChunkHolderManager] Waiting 60s for chunk I/O to halt for world 'among'
[01:12:18] [Server thread/INFO]: [ChunkHolderManager] Halted I/O scheduler for world 'among'
[01:12:18] [Server thread/INFO]: Saving chunks for level 'ServerLevel[flat]'/minecraft:flat
[01:12:18] [Server thread/INFO]: [ChunkHolderManager] Waiting 60s for chunk system to halt for world 'flat'
[01:12:18] [Server thread/INFO]: [ChunkHolderManager] Halted chunk system for world 'flat'
[01:12:18] [Server thread/INFO]: [ChunkHolderManager] Saving all chunkholders for world 'flat'
[01:12:18] [Server thread/INFO]: [ChunkHolderManager] Saved 0 block chunks, 0 entity chunks, 0 poi chunks in world 'flat' in 0.00s
[01:12:18] [Server thread/INFO]: [ChunkHolderManager] Waiting 60s for chunk I/O to halt for world 'flat'
[01:12:18] [Server thread/INFO]: [ChunkHolderManager] Halted I/O scheduler for world 'flat'
[01:12:18] [Server thread/INFO]: ThreadedAnvilChunkStorage (world): All chunks are saved
[01:12:18] [Server thread/INFO]: ThreadedAnvilChunkStorage (DIM-1): All chunks are saved
[01:12:18] [Server thread/INFO]: ThreadedAnvilChunkStorage (DIM1): All chunks are saved
[01:12:18] [Server thread/INFO]: ThreadedAnvilChunkStorage (unstable): All chunks are saved
[01:12:18] [Server thread/INFO]: ThreadedAnvilChunkStorage (among): All chunks are saved
[01:12:18] [Server thread/INFO]: ThreadedAnvilChunkStorage (flat): All chunks are saved
[01:12:18] [Server thread/INFO]: ThreadedAnvilChunkStorage: All dimensions are saved
[01:12:18] [Server thread/INFO]: Waiting for all RegionFile I/O tasks to complete...
[01:12:18] [Server thread/INFO]: All RegionFile I/O tasks to complete
[01:12:18] [Server thread/INFO]: [MoonriseCommon] Awaiting termination of worker pool for up to 60s...
[01:12:18] [Server thread/INFO]: [MoonriseCommon] Awaiting termination of I/O pool for up to 60s...
