11.01.2026 - 19:02:48 - [TAB v5.4.0] Blocked attempt to add player Wemmbu4 into team greatimpostor_players (expected team: 6Wemmbu4A).
11.01.2026 - 19:02:48 - [TAB v5.4.0] Blocked attempt to add player Wemmbu1 into team greatimpostor_players (expected team: 6Wemmbu1A).
11.01.2026 - 19:02:48 - [TAB v5.4.0] Blocked attempt to add player Wemmbu3 into team greatimpostor_players (expected team: 6Wemmbu3A).
11.01.2026 - 19:02:48 - [TAB v5.4.0] Blocked attempt to add player Wemmbu into team greatimpostor_players (expected team: 6WemmbuA).
11.01.2026 - 19:02:48 - [TAB v5.4.0] Blocked attempt to add player Wemmbu2 into team greatimpostor_players (expected team: 6Wemmbu2A).
11.01.2026 - 19:02:48 - [TAB v5.4.0] Blocked attempt to add player Wemmbu4 into team greatimpostor_players (expected team: 6Wemmbu4A).
11.01.2026 - 19:02:48 - [TAB v5.4.0] Blocked attempt to add player Wemmbu1 into team greatimpostor_players (expected team: 6Wemmbu1A).
11.01.2026 - 19:02:48 - [TAB v5.4.0] Blocked attempt to add player Wemmbu3 into team greatimpostor_players (expected team: 6Wemmbu3A).
11.01.2026 - 19:02:48 - [TAB v5.4.0] Blocked attempt to add player Wemmbu into team greatimpostor_players (expected team: 6WemmbuA).
11.01.2026 - 19:02:48 - [TAB v5.4.0] Blocked attempt to add player Wemmbu2 into team greatimpostor_players (expected team: 6Wemmbu2A).
11.01.2026 - 19:02:48 - [TAB v5.4.0] Blocked attempt to add player Wemmbu4 into team greatimpostor_players (expected team: 6Wemmbu4A).
11.01.2026 - 19:02:48 - [TAB v5.4.0] Blocked attempt to add player Wemmbu1 into team greatimpostor_players (expected team: 6Wemmbu1A).
11.01.2026 - 19:02:48 - [TAB v5.4.0] Blocked attempt to add player Wemmbu3 into team greatimpostor_players (expected team: 6Wemmbu3A).
11.01.2026 - 19:02:48 - [TAB v5.4.0] Blocked attempt to add player Wemmbu into team greatimpostor_players (expected team: 6WemmbuA).
11.01.2026 - 19:02:48 - [TAB v5.4.0] Blocked attempt to add player Wemmbu2 into team greatimpostor_players (expected team: 6Wemmbu2A).
11.01.2026 - 20:17:11 - [TAB v5.4.0] Blocked attempt to add player Mapicc into team greatimpostor_players (expected team: 6MapiccA).
11.01.2026 - 20:17:11 - [TAB v5.4.0] Blocked attempt to add player Wemmbu into team greatimpostor_players (expected team: 6WemmbuA).
11.01.2026 - 20:17:11 - [TAB v5.4.0] Blocked attempt to add player Mapicc into team greatimpostor_players (expected team: 6MapiccA).
11.01.2026 - 20:25:23 - [TAB v5.4.0] Blocked attempt to add player Wemmbu1 into team greatimpostor_players (expected team: 6Wemmbu1A).
11.01.2026 - 20:25:23 - [TAB v5.4.0] Blocked attempt to add player Wemmbu into team greatimpostor_players (expected team: 6WemmbuA).
11.01.2026 - 20:25:23 - [TAB v5.4.0] Blocked attempt to add player Manepear into team greatimpostor_players (expected team: 6ManepearA).
11.01.2026 - 20:25:23 - [TAB v5.4.0] Blocked attempt to add player Wemmbu into team greatimpostor_players (expected team: 6WemmbuA).
11.01.2026 - 20:25:23 - [TAB v5.4.0] Blocked attempt to add player Wemmbu3 into team greatimpostor_players (expected team: 6Wemmbu3A).
11.01.2026 - 20:25:23 - [TAB v5.4.0] Blocked attempt to add player Mapicc into team greatimpostor_players (expected team: 6MapiccA).
11.01.2026 - 20:25:23 - [TAB v5.4.0] Blocked attempt to add player Wemmbu3 into team greatimpostor_players (expected team: 6Wemmbu3A).
11.01.2026 - 21:03:33 - [TAB v5.4.0] Blocked attempt to add player DT_ into team greatimpostor_players (expected team: 6DT_A).
11.01.2026 - 21:03:33 - [TAB v5.4.0] Blocked attempt to add player Wemmbu into team greatimpostor_players (expected team: 6WemmbuA).
11.01.2026 - 21:03:33 - [TAB v5.4.0] Blocked attempt to add player DT_ into team greatimpostor_players (expected team: 6DT_A).
11.01.2026 - 21:03:33 - [TAB v5.4.0] Blocked attempt to add player Manepear into team greatimpostor_players (expected team: 6ManepearA).
11.01.2026 - 21:03:33 - [TAB v5.4.0] Blocked attempt to add player Wemmbu into team greatimpostor_players (expected team: 6WemmbuA).
11.01.2026 - 21:03:33 - [TAB v5.4.0] Blocked attempt to add player Mapicc into team greatimpostor_players (expected team: 6MapiccA).
11.01.2026 - 21:03:33 - [TAB v5.4.0] Blocked attempt to add player DT_ into team greatimpostor_players (expected team: 6DT_A).
11.01.2026 - 21:03:33 - [TAB v5.4.0] Blocked attempt to add player Manepear into team greatimpostor_players (expected team: 6ManepearA).
11.01.2026 - 21:03:33 - [TAB v5.4.0] Blocked attempt to add player Wemmbu into team greatimpostor_players (expected team: 6WemmbuA).
11.01.2026 - 21:03:33 - [TAB v5.4.0] Blocked attempt to add player Mapicc into team greatimpostor_players (expected team: 6MapiccA).
11.01.2026 - 21:03:33 - [TAB v5.4.0] Blocked attempt to add player Mapicc into team greatimpostor_players (expected team: 6MapiccA).
11.01.2026 - 21:03:33 - [TAB v5.4.0] Blocked attempt to add player Manepear into team greatimpostor_players (expected team: 6ManepearA).
11.01.2026 - 21:03:33 - [TAB v5.4.0] Blocked attempt to add player Wemmbu into team greatimpostor_players (expected team: 6WemmbuA).
11.01.2026 - 21:03:33 - [TAB v5.4.0] Blocked attempt to add player Mapicc into team greatimpostor_players (expected team: 6MapiccA).
11.01.2026 - 21:07:55 - [TAB v5.4.0] Blocked attempt to add player Wemmbu into team greatimpostor_players (expected team: 6WemmbuA).
11.01.2026 - 21:07:55 - [TAB v5.4.0] Blocked attempt to add player Manepear into team greatimpostor_players (expected team: 6ManepearA).
11.01.2026 - 21:07:55 - [TAB v5.4.0] Blocked attempt to add player DT_ into team greatimpostor_players (expected team: 6DT_A).
11.01.2026 - 21:07:55 - [TAB v5.4.0] Blocked attempt to add player Mapicc into team greatimpostor_players (expected team: 6MapiccA).
11.01.2026 - 21:07:55 - [TAB v5.4.0] Blocked attempt to add player Manepear into team greatimpostor_players (expected team: 6ManepearA).
11.01.2026 - 21:07:55 - [TAB v5.4.0] Blocked attempt to add player DT_ into team greatimpostor_players (expected team: 6DT_A).
11.01.2026 - 21:07:55 - [TAB v5.4.0] Blocked attempt to add player Wemmbu into team greatimpostor_players (expected team: 6WemmbuA).
11.01.2026 - 21:07:55 - [TAB v5.4.0] Blocked attempt to add player Mapicc into team greatimpostor_players (expected team: 6MapiccA).
11.01.2026 - 21:07:55 - [TAB v5.4.0] Blocked attempt to add player Manepear into team greatimpostor_players (expected team: 6ManepearA).
11.01.2026 - 21:07:55 - [TAB v5.4.0] Blocked attempt to add player DT_ into team greatimpostor_players (expected team: 6DT_A).
