#
# There is insufficient memory for the Java Runtime Environment to continue.
# Native memory allocation (mmap) failed to map 12884901888 bytes. Error detail: committing reserved memory.
# Possible reasons:
#   The system is out of physical RAM or swap space
#   This process is running with CompressedOops enabled, and the Java Heap may be blocking the growth of the native heap
# Possible solutions:
#   Reduce memory load on the system
#   Increase physical memory or swap space
#   Check if swap backing store is full
#   Decrease Java heap size (-Xmx/-Xms)
#   Decrease number of Java threads
#   Decrease Java thread stack sizes (-Xss)
#   Set larger code cache with -XX:ReservedCodeCacheSize=
#   JVM is running with Zero Based Compressed Oops mode in which the Java heap is
#     placed in the first 32GB address space. The Java Heap base address is the
#     maximum limit for the native heap growth. Please use -XX:HeapBaseMinAddress
#     to set the Java Heap base and to place the Java Heap above 32GB virtual address.
# This output file may be truncated or incomplete.
#
#  Out of Memory Error (os_linux.cpp:2829), pid=3590, tid=3607
#
# JRE version:  (21.0.9+10) (build )
# Java VM: OpenJDK 64-Bit Server VM (21.0.9+10-LTS, mixed mode, sharing, tiered, compressed oops, compressed class ptrs, g1 gc, linux-amd64)
# Core dump will be written. Default location: Core dumps may be processed with "/usr/share/apport/apport -p%p -s%s -c%c -d%d -P%P -u%u -g%g -F%F -- %E" (or dumping to /workspaces/EaglerServer-1.12/server/core.3590)
#

---------------  S U M M A R Y ------------

Command Line: -Xms12G -Xmx13G server.jar nogui

Host: AMD EPYC 7763 64-Core Processor, 2 cores, 7G, Ubuntu 24.04.3 LTS
Time: Tue Nov 25 03:52:21 2025 UTC elapsed time: 0.235702 seconds (0d 0h 0m 0s)

---------------  T H R E A D  ---------------

Current thread (0x000077cc1402a990):  JavaThread "Unknown thread" [_thread_in_vm, id=3607, stack(0x000077cc1baf3000,0x000077cc1bbf3000) (1024K)]

Stack: [0x000077cc1baf3000,0x000077cc1bbf3000],  sp=0x000077cc1bbf1480,  free space=1017k
Native frames: (J=compiled Java code, j=interpreted, Vv=VM code, C=native code)
V  [libjvm.so+0x1018a58]  VMError::report_and_die(int, char const*, char const*, __va_list_tag*, Thread*, unsigned char*, void*, void*, char const*, int, unsigned long)+0x2b8  (os_linux.cpp:2829)
V  [libjvm.so+0x10194bd]
V  [libjvm.so+0x6bfdaf]
V  [libjvm.so+0xd124f4]  os::pd_commit_memory_or_exit(char*, unsigned long, unsigned long, bool, char const*)+0xd4
V  [libjvm.so+0xd0b6ed]  os::commit_memory_or_exit(char*, unsigned long, unsigned long, bool, char const*)+0x1d
V  [libjvm.so+0x8205fb]  G1PageBasedVirtualSpace::commit(unsigned long, unsigned long)+0xfb
V  [libjvm.so+0x83671f]  G1RegionsLargerThanCommitSizeMapper::commit_regions(unsigned int, unsigned long, WorkerThreads*)+0x9f
V  [libjvm.so+0x8c6545]  HeapRegionManager::commit_regions(unsigned int, unsigned long, WorkerThreads*)+0x55
V  [libjvm.so+0x8c81b2]  HeapRegionManager::expand(unsigned int, unsigned int, WorkerThreads*)+0x32
V  [libjvm.so+0x8c83de]  HeapRegionManager::expand_by(unsigned int, WorkerThreads*)+0x7e
V  [libjvm.so+0x7d94ff]  G1CollectedHeap::expand(unsigned long, WorkerThreads*, double*)+0xff
V  [libjvm.so+0x7dba94]  G1CollectedHeap::initialize()+0x5c4
V  [libjvm.so+0xfbad76]  universe_init()+0xd6
V  [libjvm.so+0x8e6b07]  init_globals()+0x37
V  [libjvm.so+0xf99f55]  Threads::create_vm(JavaVMInitArgs*, bool*)+0x2b5
V  [libjvm.so+0x9c12af]  JNI_CreateJavaVM+0x4f
C  [libjli.so+0x42bb]  JavaMain+0x8b
C  [libjli.so+0x7e09]  ThreadJavaMain+0x9
C  [libc.so.6+0x9caa4]

---------------  P R O C E S S  ---------------

Threads class SMR info:
_java_thread_list=0x000077cc1d2652e0, length=0, elements={
}

Java Threads: ( => current thread )
Total: 0

Other Threads:
  0x000077cc14052e30 WorkerThread "GC Thread#0"                     [id=3625, stack(0x000077cc180cb000,0x000077cc181cb000) (1024K)]
  0x000077cc140613f0 ConcurrentGCThread "G1 Main Marker"            [id=3626, stack(0x000077cbef700000,0x000077cbef800000) (1024K)]
  0x000077cc14062390 WorkerThread "G1 Conc#0"                       [id=3627, stack(0x000077cbef5ff000,0x000077cbef6ff000) (1024K)]

[error occurred during error reporting (printing all threads), id 0xb, SIGSEGV (0xb) at pc=0x000077cc1c4d37b0]
VM state: not at safepoint (not fully initialized)

VM Mutex/Monitor currently owned by a thread:  ([mutex/lock_event])
[0x000077cc1d23ef58] Heap_lock - owner thread: 0x000077cc1402a990

Heap address: 0x00000004c0000000, size: 13312 MB, Compressed Oops mode: Zero based, Oop shift amount: 3

CDS archive(s) mapped at: [0x0000000000000000-0x0000000000000000-0x0000000000000000), size 0, SharedBaseAddress: 0x0000000800000000, ArchiveRelocationMode: 1.
Narrow klass base: 0x0000000000000000, Narrow klass shift: 0, Narrow klass range: 0x0

GC Precious Log:
 CardTable entry size: 512
 Card Set container configuration: InlinePtr #cards 4 size 8 Array Of Cards #cards 64 size 144 Howl #buckets 8 coarsen threshold 14745 Howl Bitmap #cards 2048 size 272 coarsen threshold 1843 Card regions per heap region 1 cards per card region 16384

Heap:
 garbage-first heap   total 0K, used 0K [0x00000004c0000000, 0x0000000800000000)
  region size 8192K, 0 young (0K), 0 survivors (0K)

[error occurred during error reporting (printing heap information), id 0xb, SIGSEGV (0xb) at pc=0x000077cc1ca9f07a]
GC Heap History (0 events):
No events

Dll operation events (1 events):
Event: 0.222 Loaded shared library /usr/local/sdkman/candidates/java/21.0.9-ms/lib/libjava.so

Deoptimization events (0 events):
No events

Classes loaded (0 events):
No events

Classes unloaded (0 events):
No events

Classes redefined (0 events):
No events

Internal exceptions (0 events):
No events

ZGC Phase Switch (0 events):
No events

VM Operations (0 events):
No events

Memory protections (1 events):
Event: 0.148 Protecting memory [0x000077cc1baf3000,0x000077cc1baf7000] with protection modes 0

Nmethod flushes (0 events):
No events

Events (0 events):
No events


Dynamic libraries:
7c0000000-800000000 ---p 00000000 00:00 0 
58d75fa61000-58d75fa62000 r-xp 00000000 00:2e 1073331                    /usr/local/sdkman/candidates/java/21.0.9-ms/bin/java
58d75fa63000-58d75fa64000 r--p 00001000 00:2e 1073331                    /usr/local/sdkman/candidates/java/21.0.9-ms/bin/java
58d75fa64000-58d75fa65000 rw-p 00002000 00:2e 1073331                    /usr/local/sdkman/candidates/java/21.0.9-ms/bin/java
58d789a79000-58d789abf000 rw-p 00000000 00:00 0                          [heap]
77cbe0000000-77cbe0021000 rw-p 00000000 00:00 0 
77cbe0021000-77cbe4000000 ---p 00000000 00:00 0 
77cbe4000000-77cbe4021000 rw-p 00000000 00:00 0 
77cbe4021000-77cbe8000000 ---p 00000000 00:00 0 
77cbe8000000-77cbe8021000 rw-p 00000000 00:00 0 
77cbe8021000-77cbec000000 ---p 00000000 00:00 0 
77cbece90000-77cbef400000 rw-p 00000000 00:00 0 
77cbef4fd000-77cbef5fe000 rw-p 00000000 00:00 0 
77cbef5fe000-77cbef5ff000 ---p 00000000 00:00 0 
77cbef5ff000-77cbef6ff000 rw-p 00000000 00:00 0 
77cbef6ff000-77cbef700000 ---p 00000000 00:00 0 
77cbef700000-77cbef800000 rw-p 00000000 00:00 0 
77cbef800000-77cbfc800000 ---p 00000000 00:00 0 
77cbfc800000-77cbfca70000 rwxp 00000000 00:00 0 
77cbfca70000-77cc03d38000 ---p 00000000 00:00 0 
77cc03d38000-77cc03fa8000 rwxp 00000000 00:00 0 
77cc03fa8000-77cc042c7000 ---p 00000000 00:00 0 
77cc042c7000-77cc04537000 rwxp 00000000 00:00 0 
77cc04537000-77cc0b800000 ---p 00000000 00:00 0 
77cc0b875000-77cc14000000 r--s 00000000 00:2e 1073818                    /usr/local/sdkman/candidates/java/21.0.9-ms/lib/modules
77cc14000000-77cc14094000 rw-p 00000000 00:00 0 
77cc14094000-77cc18000000 ---p 00000000 00:00 0 
77cc180ca000-77cc180cb000 ---p 00000000 00:00 0 
77cc180cb000-77cc181cb000 rw-p 00000000 00:00 0 
77cc181cb000-77cc18200000 rw-p 00000000 00:00 0 
77cc18200000-77cc1b600000 ---p 00000000 00:00 0 
77cc1b623000-77cc1b8cb000 rw-p 00000000 00:00 0 
77cc1b8cb000-77cc1b9b1000 ---p 00000000 00:00 0 
77cc1b9b1000-77cc1b9b6000 rw-p 00000000 00:00 0 
77cc1b9b6000-77cc1ba9c000 ---p 00000000 00:00 0 
77cc1ba9c000-77cc1baa1000 rw-p 00000000 00:00 0 
77cc1baa1000-77cc1baa8000 ---p 00000000 00:00 0 
77cc1baa8000-77cc1bac8000 r-xp 00000000 00:2e 1073793                    /usr/local/sdkman/candidates/java/21.0.9-ms/lib/libjava.so
77cc1bac8000-77cc1bac9000 ---p 00020000 00:2e 1073793                    /usr/local/sdkman/candidates/java/21.0.9-ms/lib/libjava.so
77cc1bac9000-77cc1baca000 r--p 00020000 00:2e 1073793                    /usr/local/sdkman/candidates/java/21.0.9-ms/lib/libjava.so
77cc1baca000-77cc1bacb000 rw-p 00021000 00:2e 1073793                    /usr/local/sdkman/candidates/java/21.0.9-ms/lib/libjava.so
77cc1bacb000-77cc1bacc000 rw-p 00000000 00:00 0 
77cc1bacc000-77cc1bad4000 rw-s 00000000 08:21 393219                     /tmp/hsperfdata_codespace/3590
77cc1bad4000-77cc1baef000 r-xp 00000000 00:2e 1073797                    /usr/local/sdkman/candidates/java/21.0.9-ms/lib/libjimage.so
77cc1baef000-77cc1baf0000 ---p 0001b000 00:2e 1073797                    /usr/local/sdkman/candidates/java/21.0.9-ms/lib/libjimage.so
77cc1baf0000-77cc1baf2000 r--p 0001b000 00:2e 1073797                    /usr/local/sdkman/candidates/java/21.0.9-ms/lib/libjimage.so
77cc1baf2000-77cc1baf3000 rw-p 0001d000 00:2e 1073797                    /usr/local/sdkman/candidates/java/21.0.9-ms/lib/libjimage.so
77cc1baf3000-77cc1baf7000 ---p 00000000 00:00 0 
77cc1baf7000-77cc1bbf3000 rw-p 00000000 00:00 0 
77cc1bbf3000-77cc1bc03000 r--p 00000000 00:2e 787374                     /usr/lib/x86_64-linux-gnu/libm.so.6
77cc1bc03000-77cc1bc82000 r-xp 00010000 00:2e 787374                     /usr/lib/x86_64-linux-gnu/libm.so.6
77cc1bc82000-77cc1bcda000 r--p 0008f000 00:2e 787374                     /usr/lib/x86_64-linux-gnu/libm.so.6
77cc1bcda000-77cc1bcdb000 r--p 000e7000 00:2e 787374                     /usr/lib/x86_64-linux-gnu/libm.so.6
77cc1bcdb000-77cc1bcdc000 rw-p 000e8000 00:2e 787374                     /usr/lib/x86_64-linux-gnu/libm.so.6
77cc1bcdc000-77cc1bcdd000 r--p 00000000 00:2e 787413                     /usr/lib/x86_64-linux-gnu/librt.so.1
77cc1bcdd000-77cc1bcde000 r-xp 00001000 00:2e 787413                     /usr/lib/x86_64-linux-gnu/librt.so.1
77cc1bcde000-77cc1bcdf000 r--p 00002000 00:2e 787413                     /usr/lib/x86_64-linux-gnu/librt.so.1
77cc1bcdf000-77cc1bce0000 r--p 00002000 00:2e 787413                     /usr/lib/x86_64-linux-gnu/librt.so.1
77cc1bce0000-77cc1bce1000 rw-p 00003000 00:2e 787413                     /usr/lib/x86_64-linux-gnu/librt.so.1
77cc1bce1000-77cc1d108000 r-xp 00000000 00:2e 1073830                    /usr/local/sdkman/candidates/java/21.0.9-ms/lib/server/libjvm.so
77cc1d108000-77cc1d1dd000 r--p 01426000 00:2e 1073830                    /usr/local/sdkman/candidates/java/21.0.9-ms/lib/server/libjvm.so
77cc1d1dd000-77cc1d20d000 rw-p 014fb000 00:2e 1073830                    /usr/local/sdkman/candidates/java/21.0.9-ms/lib/server/libjvm.so
77cc1d20d000-77cc1d277000 rw-p 00000000 00:00 0 
77cc1d277000-77cc1d29f000 r--p 00000000 00:2e 787332                     /usr/lib/x86_64-linux-gnu/libc.so.6
77cc1d29f000-77cc1d427000 r-xp 00028000 00:2e 787332                     /usr/lib/x86_64-linux-gnu/libc.so.6
77cc1d427000-77cc1d476000 r--p 001b0000 00:2e 787332                     /usr/lib/x86_64-linux-gnu/libc.so.6
77cc1d476000-77cc1d47a000 r--p 001fe000 00:2e 787332                     /usr/lib/x86_64-linux-gnu/libc.so.6
77cc1d47a000-77cc1d47c000 rw-p 00202000 00:2e 787332                     /usr/lib/x86_64-linux-gnu/libc.so.6
77cc1d47c000-77cc1d489000 rw-p 00000000 00:00 0 
77cc1d489000-77cc1d48a000 r--p 00000000 00:2e 787346                     /usr/lib/x86_64-linux-gnu/libdl.so.2
77cc1d48a000-77cc1d48b000 r-xp 00001000 00:2e 787346                     /usr/lib/x86_64-linux-gnu/libdl.so.2
77cc1d48b000-77cc1d48c000 r--p 00002000 00:2e 787346                     /usr/lib/x86_64-linux-gnu/libdl.so.2
77cc1d48c000-77cc1d48d000 r--p 00002000 00:2e 787346                     /usr/lib/x86_64-linux-gnu/libdl.so.2
77cc1d48d000-77cc1d48e000 rw-p 00003000 00:2e 787346                     /usr/lib/x86_64-linux-gnu/libdl.so.2
77cc1d48e000-77cc1d48f000 r--p 00000000 00:2e 787411                     /usr/lib/x86_64-linux-gnu/libpthread.so.0
77cc1d48f000-77cc1d490000 r-xp 00001000 00:2e 787411                     /usr/lib/x86_64-linux-gnu/libpthread.so.0
77cc1d490000-77cc1d491000 r--p 00002000 00:2e 787411                     /usr/lib/x86_64-linux-gnu/libpthread.so.0
77cc1d491000-77cc1d492000 r--p 00002000 00:2e 787411                     /usr/lib/x86_64-linux-gnu/libpthread.so.0
77cc1d492000-77cc1d493000 rw-p 00003000 00:2e 787411                     /usr/lib/x86_64-linux-gnu/libpthread.so.0
77cc1d493000-77cc1d4a1000 r-xp 00000000 00:2e 1073798                    /usr/local/sdkman/candidates/java/21.0.9-ms/lib/libjli.so
77cc1d4a1000-77cc1d4a2000 ---p 0000e000 00:2e 1073798                    /usr/local/sdkman/candidates/java/21.0.9-ms/lib/libjli.so
77cc1d4a2000-77cc1d4a3000 r--p 0000e000 00:2e 1073798                    /usr/local/sdkman/candidates/java/21.0.9-ms/lib/libjli.so
77cc1d4a3000-77cc1d4a4000 rw-p 0000f000 00:2e 1073798                    /usr/local/sdkman/candidates/java/21.0.9-ms/lib/libjli.so
77cc1d4a4000-77cc1d4a6000 r--p 00000000 00:2e 787445                     /usr/lib/x86_64-linux-gnu/libz.so.1.3
77cc1d4a6000-77cc1d4b8000 r-xp 00002000 00:2e 787445                     /usr/lib/x86_64-linux-gnu/libz.so.1.3
77cc1d4b8000-77cc1d4be000 r--p 00014000 00:2e 787445                     /usr/lib/x86_64-linux-gnu/libz.so.1.3
77cc1d4be000-77cc1d4bf000 r--p 0001a000 00:2e 787445                     /usr/lib/x86_64-linux-gnu/libz.so.1.3
77cc1d4bf000-77cc1d4c0000 rw-p 0001b000 00:2e 787445                     /usr/lib/x86_64-linux-gnu/libz.so.1.3
77cc1d4c4000-77cc1d4c5000 ---p 00000000 00:00 0 
77cc1d4c5000-77cc1d4c6000 r--p 00000000 00:00 0 
77cc1d4c6000-77cc1d4c7000 ---p 00000000 00:00 0 
77cc1d4c7000-77cc1d4c9000 rw-p 00000000 00:00 0 
77cc1d4c9000-77cc1d4ca000 r--p 00000000 00:2e 787312                     /usr/lib/x86_64-linux-gnu/ld-linux-x86-64.so.2
77cc1d4ca000-77cc1d4f5000 r-xp 00001000 00:2e 787312                     /usr/lib/x86_64-linux-gnu/ld-linux-x86-64.so.2
77cc1d4f5000-77cc1d4ff000 r--p 0002c000 00:2e 787312                     /usr/lib/x86_64-linux-gnu/ld-linux-x86-64.so.2
77cc1d4ff000-77cc1d501000 r--p 00036000 00:2e 787312                     /usr/lib/x86_64-linux-gnu/ld-linux-x86-64.so.2
77cc1d501000-77cc1d503000 rw-p 00038000 00:2e 787312                     /usr/lib/x86_64-linux-gnu/ld-linux-x86-64.so.2
7ffc0c52b000-7ffc0c54d000 rw-p 00000000 00:00 0                          [stack]
7ffc0c5bc000-7ffc0c5c0000 r--p 00000000 00:00 0                          [vvar]
7ffc0c5c0000-7ffc0c5c2000 r-xp 00000000 00:00 0                          [vdso]
ffffffffff600000-ffffffffff601000 --xp 00000000 00:00 0                  [vsyscall]
Total number of mappings: 101

JVMTI agents: none


VM Arguments:
jvm_args: -Xms12G -Xmx13G 
java_command: server.jar nogui
java_class_path (initial): server.jar
Launcher Type: SUN_STANDARD

[Global flags]
     intx CICompilerCount                          = 2                                         {product} {ergonomic}
     uint ConcGCThreads                            = 1                                         {product} {ergonomic}
     uint G1ConcRefinementThreads                  = 2                                         {product} {ergonomic}
   size_t G1HeapRegionSize                         = 8388608                                   {product} {ergonomic}
    uintx GCDrainStackTargetSize                   = 64                                        {product} {ergonomic}
   size_t InitialHeapSize                          = 12884901888                               {product} {command line}
   size_t MarkStackSize                            = 4194304                                   {product} {ergonomic}
   size_t MaxHeapSize                              = 13958643712                               {product} {command line}
   size_t MinHeapDeltaBytes                        = 8388608                                   {product} {ergonomic}
   size_t MinHeapSize                              = 12884901888                               {product} {command line}
    uintx NonNMethodCodeHeapSize                   = 5826188                                {pd product} {ergonomic}
    uintx NonProfiledCodeHeapSize                  = 122916026                              {pd product} {ergonomic}
    uintx ProfiledCodeHeapSize                     = 122916026                              {pd product} {ergonomic}
    uintx ReservedCodeCacheSize                    = 251658240                              {pd product} {ergonomic}
     bool SegmentedCodeCache                       = true                                      {product} {ergonomic}
   size_t SoftMaxHeapSize                          = 13958643712                            {manageable} {ergonomic}
     bool UseCompressedOops                        = true                           {product lp64_product} {ergonomic}
     bool UseG1GC                                  = true                                      {product} {ergonomic}

Logging:
Log output configuration:
 #0: stdout all=warning uptime,level,tags foldmultilines=false
 #1: stderr all=off uptime,level,tags foldmultilines=false

Release file:
<release file has not been read>
Environment Variables:
JAVA_HOME=/usr/local/sdkman/candidates/java/current
PATH=/usr/local/rvm/gems/ruby-3.4.1/bin:/usr/local/rvm/gems/ruby-3.4.1@global/bin:/usr/local/rvm/rubies/ruby-3.4.1/bin:/vscode/bin/linux-x64/1e3c50d64110be466c0b4a45222e81d2c9352888/bin/remote-cli:/home/codespace/.local/bin:/home/codespace/.dotnet:/home/codespace/nvm/current/bin:/home/codespace/.php/current/bin:/home/codespace/.python/current/bin:/home/codespace/java/current/bin:/home/codespace/.ruby/current/bin:/home/codespace/.local/bin:/usr/local/python/current/bin:/usr/local/py-utils/bin:/usr/local/jupyter:/usr/local/oryx:/usr/local/go/bin:/go/bin:/usr/local/sdkman/bin:/usr/local/sdkman/candidates/java/current/bin:/usr/local/sdkman/candidates/gradle/current/bin:/usr/local/sdkman/candidates/maven/current/bin:/usr/local/sdkman/candidates/ant/current/bin:/usr/local/rvm/gems/default/bin:/usr/local/rvm/gems/default@global/bin:/usr/local/rvm/rubies/default/bin:/usr/local/share/rbenv/bin:/usr/local/php/current/bin:/opt/conda/bin:/usr/local/nvs:/usr/local/share/nvm/versions/node/v22.21.1/bin:/usr/local/hugo/bin:/usr/local/sbin:/usr/local/bin:/usr/sbin:/usr/bin:/sbin:/bin:/usr/share/dotnet:/home/codespace/.dotnet/tools:/usr/local/rvm/bin
SHELL=/bin/bash
LANG=C.UTF-8
TERM=xterm-256color

Active Locale:
LC_ALL=C
LC_COLLATE=C
LC_CTYPE=C
LC_MESSAGES=C
LC_MONETARY=C
LC_NUMERIC=C
LC_TIME=C

Signal Handlers:
   SIGSEGV: crash_handler in libjvm.so, mask=11100100010111111101111111111110, flags=SA_RESTART|SA_SIGINFO, unblocked
    SIGBUS: crash_handler in libjvm.so, mask=11100100010111111101111111111110, flags=SA_RESTART|SA_SIGINFO, unblocked
    SIGFPE: crash_handler in libjvm.so, mask=11100100010111111101111111111110, flags=SA_RESTART|SA_SIGINFO, unblocked
   SIGPIPE: javaSignalHandler in libjvm.so, mask=11100100010111111101111111111110, flags=SA_RESTART|SA_SIGINFO, blocked
   SIGXFSZ: javaSignalHandler in libjvm.so, mask=11100100010111111101111111111110, flags=SA_RESTART|SA_SIGINFO, blocked
    SIGILL: crash_handler in libjvm.so, mask=11100100010111111101111111111110, flags=SA_RESTART|SA_SIGINFO, unblocked
   SIGUSR2: SR_handler in libjvm.so, mask=00000000000000000000000000000000, flags=SA_RESTART|SA_SIGINFO, blocked
    SIGHUP: SIG_DFL, mask=00000000000000000000000000000000, flags=none, blocked
    SIGINT: SIG_DFL, mask=00000000000000000000000000000000, flags=none, blocked
   SIGTERM: SIG_DFL, mask=00000000000000000000000000000000, flags=none, blocked
   SIGQUIT: UserHandler in libjvm.so, mask=11100100010111111101111111111110, flags=SA_RESTART|SA_SIGINFO, blocked
   SIGTRAP: crash_handler in libjvm.so, mask=11100100010111111101111111111110, flags=SA_RESTART|SA_SIGINFO, unblocked


Periodic native trim disabled

---------------  S Y S T E M  ---------------

OS:
DISTRIB_ID=Ubuntu
DISTRIB_RELEASE=24.04
DISTRIB_CODENAME=noble
DISTRIB_DESCRIPTION="Ubuntu 24.04.3 LTS"
uname: Linux 6.8.0-1030-azure #35~22.04.1-Ubuntu SMP Mon May 26 18:08:30 UTC 2025 x86_64
OS uptime: 0 days 0:04 hours
libc: glibc 2.39 NPTL 2.39 
rlimit (soft/hard): STACK 8192k/infinity , CORE infinity/infinity , NPROC infinity/infinity , NOFILE 1048576/1048576 , AS infinity/infinity , CPU infinity/infinity , DATA infinity/infinity , FSIZE infinity/infinity , MEMLOCK 8192k/8192k
load average: 1.36 1.95 0.93

/proc/meminfo:
MemTotal:        8135328 kB
MemFree:          267524 kB
MemAvailable:    6412504 kB
Buffers:          119552 kB
Cached:          6163108 kB
SwapCached:            0 kB
Active:          2606344 kB
Inactive:        4790560 kB
Active(anon):    1054768 kB
Inactive(anon):   129484 kB
Active(file):    1551576 kB
Inactive(file):  4661076 kB
Unevictable:       31084 kB
Mlocked:           28012 kB
SwapTotal:             0 kB
SwapFree:              0 kB
Zswap:                 0 kB
Zswapped:              0 kB
Dirty:             42800 kB
Writeback:             0 kB
AnonPages:       1139480 kB
Mapped:           570636 kB
Shmem:             60764 kB
KReclaimable:     246148 kB
Slab:             339188 kB
SReclaimable:     246148 kB
SUnreclaim:        93040 kB
KernelStack:        7472 kB
PageTables:        21396 kB
SecPageTables:         0 kB
NFS_Unstable:          0 kB
Bounce:                0 kB
WritebackTmp:          0 kB
CommitLimit:     4067664 kB
Committed_AS:    3033484 kB
VmallocTotal:   34359738367 kB
VmallocUsed:       40452 kB
VmallocChunk:          0 kB
Percpu:             1192 kB
HardwareCorrupted:     0 kB
AnonHugePages:    311296 kB
ShmemHugePages:        0 kB
ShmemPmdMapped:        0 kB
FileHugePages:         0 kB
FilePmdMapped:         0 kB
Unaccepted:            0 kB
HugePages_Total:       0
HugePages_Free:        0
HugePages_Rsvd:        0
HugePages_Surp:        0
Hugepagesize:       2048 kB
Hugetlb:               0 kB
DirectMap4k:      143296 kB
DirectMap2M:     4050944 kB
DirectMap1G:     6291456 kB

/sys/kernel/mm/transparent_hugepage/enabled: [always] madvise never
/sys/kernel/mm/transparent_hugepage/hpage_pmd_size: 2097152
/sys/kernel/mm/transparent_hugepage/defrag (defrag/compaction efforts parameter): always defer defer+madvise [madvise] never

Process Memory:
Virtual Size: 2036228K (peak: 14614600K)
Resident Set Size: 20352K (peak: 20352K) (anon: 7168K, file: 13184K, shmem: 0K)
Swapped out: 0K
C-Heap outstanding allocations: 9970K, retained: 601K
glibc malloc tunables: (default)

/proc/sys/kernel/threads-max (system-wide limit on the number of threads): 63498
/proc/sys/vm/max_map_count (maximum number of memory map areas a process may have): 65530
/proc/sys/vm/swappiness (control to define how aggressively the kernel swaps out anonymous memory): 60
/proc/sys/kernel/pid_max (system-wide limit on number of process identifiers): 4194304

container information not found.
Hyper-V virtualization detected
Steal ticks since vm start: 0
Steal ticks percentage since vm start:  0.000

CPU: total 2 (initial active 2) (16 cores per cpu, 2 threads per core) family 25 model 1 stepping 1 microcode 0xffffffff, cx8, cmov, fxsr, ht, mmx, 3dnowpref, sse, sse2, sse3, ssse3, sse4a, sse4.1, sse4.2, popcnt, lzcnt, tsc, tscinvbit, avx, avx2, aes, erms, clmul, bmi1, bmi2, adx, sha, fma, vzeroupper, clflush, clflushopt, hv, rdtscp, rdpid, fsrm, f16c, cet_ss
CPU Model and flags from /proc/cpuinfo:
model name	: AMD EPYC 7763 64-Core Processor
flags		: fpu vme de pse tsc msr pae mce cx8 apic sep mtrr pge mca cmov pat pse36 clflush mmx fxsr sse sse2 ht syscall nx mmxext fxsr_opt pdpe1gb rdtscp lm constant_tsc rep_good nopl tsc_reliable nonstop_tsc cpuid extd_apicid aperfmperf tsc_known_freq pni pclmulqdq ssse3 fma cx16 pcid sse4_1 sse4_2 movbe popcnt aes xsave avx f16c rdrand hypervisor lahf_lm cmp_legacy svm cr8_legacy abm sse4a misalignsse 3dnowprefetch osvw topoext vmmcall fsgsbase bmi1 avx2 smep bmi2 erms invpcid rdseed adx smap clflushopt clwb sha_ni xsaveopt xsavec xgetbv1 xsaves user_shstk clzero xsaveerptr rdpru arat npt nrip_save tsc_scale vmcb_clean flushbyasid decodeassists pausefilter pfthreshold v_vmsave_vmload umip vaes vpclmulqdq rdpid fsrm

Online cpus: 0-1
Offline cpus: 
BIOS frequency limitation: <Not Available>
Frequency switch latency (ns): <Not Available>
Available cpu frequencies: <Not Available>
Current governor: <Not Available>
Core performance/turbo boost: <Not Available>

Memory: 4k page, physical 8135328k(6412504k free), swap 0k(0k free)
Page Sizes: 4k

vm_info: OpenJDK 64-Bit Server VM (21.0.9+10-LTS) for linux-amd64 JRE (21.0.9+10-LTS), built on 2025-10-13T22:00:07Z by "MicrosoftCorporation" with gcc 11.3.0

END.
